<?xml version="1.0" encoding="UTF-8"?>
<!-- Generated by org.testng.reporters.JUnitXMLReporter -->
<testsuite hostname="DESKTOP-M9048RM" name="Default test" tests="6" failures="0" timestamp="28 Jul 2021 17:50:11 GMT" time="52.758" errors="0">
  <testcase name="Login" time="5.86" classname="testScenarios.Problem2"/>
  <testcase name="loginandVerify" time="0.026" classname="testScenarios.Problem2"/>
  <testcase name="iPhone" time="0.203" classname="testScenarios.Problem2"/>
  <testcase name="seliPhone" time="5.427" classname="testScenarios.Problem2"/>
  <testcase name="addProduct" time="5.47" classname="testScenarios.Problem2"/>
  <testcase name="product_checkout" time="33.494" classname="testScenarios.Problem2"/>
</testsuite> <!-- Default test -->
