<?xml version="1.0" encoding="UTF-8"?>
<testng-results skipped="0" failed="0" total="6" passed="6">
  <reporter-output>
  </reporter-output>
  <suite name="Default suite" duration-ms="52758" started-at="2021-07-28T17:49:18Z" finished-at="2021-07-28T17:50:11Z">
    <groups>
    </groups>
    <test name="Default test" duration-ms="52758" started-at="2021-07-28T17:49:18Z" finished-at="2021-07-28T17:50:11Z">
      <class name="testScenarios.Problem2">
        <test-method status="PASS" signature="openBrowser()[pri:0, instance:testScenarios.Problem2@224edc67]" name="openBrowser" is-config="true" duration-ms="1781" started-at="2021-07-28T23:19:18Z" finished-at="2021-07-28T23:19:20Z">
          <reporter-output>
          </reporter-output>
        </test-method> <!-- openBrowser -->
        <test-method status="PASS" signature="before()[pri:0, instance:testScenarios.Problem2@224edc67]" name="before" is-config="true" duration-ms="467" started-at="2021-07-28T23:19:20Z" finished-at="2021-07-28T23:19:20Z">
          <reporter-output>
          </reporter-output>
        </test-method> <!-- before -->
        <test-method status="PASS" signature="Login()[pri:1, instance:testScenarios.Problem2@224edc67]" name="Login" duration-ms="5860" started-at="2021-07-28T23:19:20Z" finished-at="2021-07-28T23:19:26Z">
          <reporter-output>
          </reporter-output>
        </test-method> <!-- Login -->
        <test-method status="PASS" signature="loginandVerify()[pri:2, instance:testScenarios.Problem2@224edc67]" name="loginandVerify" duration-ms="26" started-at="2021-07-28T23:19:26Z" finished-at="2021-07-28T23:19:26Z">
          <reporter-output>
          </reporter-output>
        </test-method> <!-- loginandVerify -->
        <test-method status="PASS" signature="iPhone()[pri:3, instance:testScenarios.Problem2@224edc67]" name="iPhone" duration-ms="203" started-at="2021-07-28T23:19:26Z" finished-at="2021-07-28T23:19:26Z">
          <reporter-output>
          </reporter-output>
        </test-method> <!-- iPhone -->
        <test-method status="PASS" signature="seliPhone()[pri:4, instance:testScenarios.Problem2@224edc67]" name="seliPhone" duration-ms="5427" started-at="2021-07-28T23:19:26Z" finished-at="2021-07-28T23:19:32Z">
          <reporter-output>
          </reporter-output>
        </test-method> <!-- seliPhone -->
        <test-method status="PASS" signature="addProduct()[pri:5, instance:testScenarios.Problem2@224edc67]" name="addProduct" duration-ms="5470" started-at="2021-07-28T23:19:32Z" finished-at="2021-07-28T23:19:37Z">
          <reporter-output>
          </reporter-output>
        </test-method> <!-- addProduct -->
        <test-method status="PASS" signature="product_checkout()[pri:6, instance:testScenarios.Problem2@224edc67]" name="product_checkout" duration-ms="33494" started-at="2021-07-28T23:19:37Z" finished-at="2021-07-28T23:20:11Z">
          <reporter-output>
          </reporter-output>
        </test-method> <!-- product_checkout -->
      </class> <!-- testScenarios.Problem2 -->
    </test> <!-- Default test -->
  </suite> <!-- Default suite -->
</testng-results>
